<?xml version="1.0" encoding="UTF-8"?>
<!-- Generated by org.testng.reporters.JUnitReportReporter -->
<testsuite hostname="DESKTOP-6KAD476" failures="0" tests="2" name="linkedin.LinkedInTest" time="19.142" errors="0" timestamp="15 May 2018 08:11:54 GMT">
  <testcase classname="linkedin.LinkedInTest" name="navBarTest" time="6.617"/>
  <testcase classname="linkedin.LinkedInTest" name="loginPageTest" time="12.525"/>
</testsuite> <!-- linkedin.LinkedInTest -->
